Performing C SOURCE FILE Test CMAKE_HAVE_LIBC_PTHREAD failed with the following output:
Change Dir: /home/mdso/desertt/vol2bird/vol2bird/libmistnet/CMakeFiles/CMakeTmp

Run Build Command(s):/usr/bin/gmake cmTC_9e1a0/fast && /usr/bin/gmake  -f CMakeFiles/cmTC_9e1a0.dir/build.make CMakeFiles/cmTC_9e1a0.dir/build
gmake[1]: Entering directory '/home/mdso/desertt/vol2bird/vol2bird/libmistnet/CMakeFiles/CMakeTmp'
Building C object CMakeFiles/cmTC_9e1a0.dir/src.c.o
/usr/bin/gcc -DCMAKE_HAVE_LIBC_PTHREAD   -o CMakeFiles/cmTC_9e1a0.dir/src.c.o -c /home/mdso/desertt/vol2bird/vol2bird/libmistnet/CMakeFiles/CMakeTmp/src.c
Linking C executable cmTC_9e1a0
/data_loc/metwork-mfext-1.2/opt/core/bin/cmake -E cmake_link_script CMakeFiles/cmTC_9e1a0.dir/link.txt --verbose=1
/usr/bin/gcc -L/opt/metwork-mfext-1.2/opt/scientific_core/lib -L/home/mdso/desertt/.local/vol2bird/lib -L/home/mdso/desertt/.local/vol2bird/lib -L/home/mdso/desertt/.local/vol2bird/lib -L/home/mdso/desertt/.local/vol2bird/lib -L/home/mdso/desertt/.local/vol2bird/lib  -rdynamic CMakeFiles/cmTC_9e1a0.dir/src.c.o -o cmTC_9e1a0 
CMakeFiles/cmTC_9e1a0.dir/src.c.o: In function `main':
src.c:(.text+0x2d): undefined reference to `pthread_create'
src.c:(.text+0x39): undefined reference to `pthread_detach'
src.c:(.text+0x45): undefined reference to `pthread_cancel'
src.c:(.text+0x56): undefined reference to `pthread_join'
collect2: error: ld returned 1 exit status
gmake[1]: *** [CMakeFiles/cmTC_9e1a0.dir/build.make:106: cmTC_9e1a0] Error 1
gmake[1]: Leaving directory '/home/mdso/desertt/vol2bird/vol2bird/libmistnet/CMakeFiles/CMakeTmp'
gmake: *** [Makefile:140: cmTC_9e1a0/fast] Error 2


Source file was:
#include <pthread.h>

static void* test_func(void* data)
{
  return data;
}

int main(void)
{
  pthread_t thread;
  pthread_create(&thread, NULL, test_func, NULL);
  pthread_detach(thread);
  pthread_cancel(thread);
  pthread_join(thread, NULL);
  pthread_atfork(NULL, NULL, NULL);
  pthread_exit(NULL);

  return 0;
}

Determining if the function pthread_create exists in the pthreads failed with the following output:
Change Dir: /home/mdso/desertt/vol2bird/vol2bird/libmistnet/CMakeFiles/CMakeTmp

Run Build Command(s):/usr/bin/gmake cmTC_ea943/fast && /usr/bin/gmake  -f CMakeFiles/cmTC_ea943.dir/build.make CMakeFiles/cmTC_ea943.dir/build
gmake[1]: Entering directory '/home/mdso/desertt/vol2bird/vol2bird/libmistnet/CMakeFiles/CMakeTmp'
Building C object CMakeFiles/cmTC_ea943.dir/CheckFunctionExists.c.o
/usr/bin/gcc   -DCHECK_FUNCTION_EXISTS=pthread_create -o CMakeFiles/cmTC_ea943.dir/CheckFunctionExists.c.o -c /data_loc/metwork-mfext-1.2/opt/core/share/cmake-3.19/Modules/CheckFunctionExists.c
Linking C executable cmTC_ea943
/data_loc/metwork-mfext-1.2/opt/core/bin/cmake -E cmake_link_script CMakeFiles/cmTC_ea943.dir/link.txt --verbose=1
/usr/bin/gcc  -DCHECK_FUNCTION_EXISTS=pthread_create -L/opt/metwork-mfext-1.2/opt/scientific_core/lib -L/home/mdso/desertt/.local/vol2bird/lib -L/home/mdso/desertt/.local/vol2bird/lib -L/home/mdso/desertt/.local/vol2bird/lib -L/home/mdso/desertt/.local/vol2bird/lib -L/home/mdso/desertt/.local/vol2bird/lib  -rdynamic CMakeFiles/cmTC_ea943.dir/CheckFunctionExists.c.o -o cmTC_ea943  -lpthreads 
/usr/bin/ld: cannot find -lpthreads
collect2: error: ld returned 1 exit status
gmake[1]: *** [CMakeFiles/cmTC_ea943.dir/build.make:106: cmTC_ea943] Error 1
gmake[1]: Leaving directory '/home/mdso/desertt/vol2bird/vol2bird/libmistnet/CMakeFiles/CMakeTmp'
gmake: *** [Makefile:140: cmTC_ea943/fast] Error 2



